---- NEW SESSION ----
2025-06-27 14:29:29 | copybook | Confidence: 0.67
2025-06-27 14:29:31 | Thank you! | Confidence: 0.67
2025-06-27 14:29:32 | Thank you! | Confidence: 0.67
2025-06-27 14:29:32 | cup | Confidence: 0.67
2025-06-27 14:29:32 | cup | Confidence: 0.67
2025-06-27 14:29:32 | background | Confidence: 1.00
2025-06-27 14:29:32 | background | Confidence: 1.00
2025-06-27 14:29:32 | background | Confidence: 1.00
2025-06-27 14:29:32 | background | Confidence: 1.00
2025-06-27 14:29:32 | background | Confidence: 1.00
2025-06-27 14:29:32 | background | Confidence: 1.00
2025-06-27 14:29:32 | background | Confidence: 1.00
2025-06-27 14:29:32 | background | Confidence: 1.00
2025-06-27 14:29:33 | background | Confidence: 1.00
2025-06-27 14:29:33 | background | Confidence: 0.67
2025-06-27 14:29:33 | Thank you! | Confidence: 1.00
2025-06-27 14:29:33 | Thank you! | Confidence: 1.00
2025-06-27 14:29:33 | Thank you! | Confidence: 1.00
2025-06-27 14:29:33 | background | Confidence: 1.00
2025-06-27 14:29:33 | background | Confidence: 1.00
2025-06-27 14:29:33 | background | Confidence: 1.00
2025-06-27 14:29:33 | cup | Confidence: 0.67
2025-06-27 14:29:33 | cup | Confidence: 1.00
2025-06-27 14:29:33 | background | Confidence: 1.00
2025-06-27 14:29:33 | background | Confidence: 1.00
2025-06-27 14:29:33 | background | Confidence: 1.00
2025-06-27 14:29:34 | Thank you! | Confidence: 0.67
2025-06-27 14:29:34 | Thank you! | Confidence: 0.67
2025-06-27 14:29:34 | Thank you! | Confidence: 0.67
2025-06-27 14:29:34 | Thank you! | Confidence: 0.67
2025-06-27 14:29:34 | background | Confidence: 0.67
2025-06-27 14:29:34 | Thank you! | Confidence: 1.00
2025-06-27 14:29:34 | copybook | Confidence: 0.67
2025-06-27 14:29:34 | copybook | Confidence: 1.00
2025-06-27 14:29:34 | copybook | Confidence: 1.00
2025-06-27 14:29:35 | cup | Confidence: 0.67
2025-06-27 14:29:35 | background | Confidence: 0.67
2025-06-27 14:29:35 | copybook | Confidence: 0.67
2025-06-27 14:29:35 | copybook | Confidence: 0.67
2025-06-27 14:29:35 | copybook | Confidence: 0.67
2025-06-27 14:29:35 | background | Confidence: 0.67
2025-06-27 14:29:35 | background | Confidence: 1.00
2025-06-27 14:29:35 | copybook | Confidence: 1.00
2025-06-27 14:29:35 | cup | Confidence: 0.67
2025-06-27 14:29:35 | copybook | Confidence: 0.67
2025-06-27 14:29:35 | copybook | Confidence: 0.67
2025-06-27 14:29:35 | copybook | Confidence: 0.67
2025-06-27 14:29:35 | background | Confidence: 0.67
2025-06-27 14:29:36 | cup | Confidence: 1.00
2025-06-27 14:29:36 | cup | Confidence: 1.00
2025-06-27 14:29:36 | cup | Confidence: 1.00
2025-06-27 14:29:36 | copybook | Confidence: 1.00
2025-06-27 14:29:36 | cup | Confidence: 1.00
2025-06-27 14:29:36 | cup | Confidence: 1.00
2025-06-27 14:29:36 | Thank you! | Confidence: 0.67
2025-06-27 14:29:36 | Thank you! | Confidence: 0.67
2025-06-27 14:29:37 | Thank you! | Confidence: 0.67
2025-06-27 14:29:37 | Thank you! | Confidence: 0.67
2025-06-27 14:29:37 | Thank you! | Confidence: 0.67
2025-06-27 14:29:37 | background | Confidence: 1.00
2025-06-27 14:29:37 | background | Confidence: 1.00
2025-06-27 14:29:37 | copybook | Confidence: 0.67
2025-06-27 14:29:37 | Thank you! | Confidence: 0.67
2025-06-27 14:29:37 | background | Confidence: 0.67
2025-06-27 14:29:37 | background | Confidence: 1.00
2025-06-27 14:29:37 | copybook | Confidence: 1.00
2025-06-27 14:29:38 | copybook | Confidence: 1.00
2025-06-27 14:29:38 | copybook | Confidence: 1.00
2025-06-27 14:29:38 | copybook | Confidence: 1.00
2025-06-27 14:29:38 | copybook | Confidence: 1.00
2025-06-27 14:29:38 | copybook | Confidence: 1.00
2025-06-27 14:29:38 | copybook | Confidence: 0.67
2025-06-27 14:29:38 | copybook | Confidence: 1.00
2025-06-27 14:29:38 | copybook | Confidence: 0.67
2025-06-27 14:29:38 | copybook | Confidence: 1.00
2025-06-27 14:29:38 | copybook | Confidence: 0.67
2025-06-27 14:29:38 | cup | Confidence: 0.67
2025-06-27 14:29:38 | copybook | Confidence: 0.67
2025-06-27 14:29:38 | cup | Confidence: 0.67
2025-06-27 14:29:39 | cup | Confidence: 0.67
2025-06-27 14:29:39 | cup | Confidence: 0.67
2025-06-27 14:29:39 | cup | Confidence: 0.67
2025-06-27 14:29:39 | cup | Confidence: 0.67
2025-06-27 14:29:39 | cup | Confidence: 0.67
2025-06-27 14:29:39 | cup | Confidence: 0.67
2025-06-27 14:29:39 | cup | Confidence: 0.67
2025-06-27 14:29:39 | cup | Confidence: 0.67
2025-06-27 14:29:39 | cup | Confidence: 1.00
2025-06-27 14:29:39 | cup | Confidence: 0.67
2025-06-27 14:29:39 | cup | Confidence: 0.67
2025-06-27 14:29:39 | cup | Confidence: 0.67
2025-06-27 14:29:40 | cup | Confidence: 1.00
2025-06-27 14:29:40 | copybook | Confidence: 0.67
2025-06-27 14:29:40 | background | Confidence: 0.67
2025-06-27 14:29:40 | background | Confidence: 1.00
2025-06-27 14:29:40 | background | Confidence: 1.00
2025-06-27 14:29:40 | background | Confidence: 1.00
2025-06-27 14:29:40 | cup | Confidence: 1.00
2025-06-27 14:29:40 | copybook | Confidence: 0.67
2025-06-27 14:29:40 | cup | Confidence: 0.67
2025-06-27 14:29:40 | Thank you! | Confidence: 1.00
2025-06-27 14:29:40 | Thank you! | Confidence: 1.00
2025-06-27 14:29:40 | Thank you! | Confidence: 1.00
2025-06-27 14:29:41 | background | Confidence: 0.67
2025-06-27 14:29:41 | background | Confidence: 1.00
2025-06-27 14:29:41 | background | Confidence: 0.67
2025-06-27 14:29:41 | cup | Confidence: 1.00
2025-06-27 14:29:41 | background | Confidence: 1.00
2025-06-27 14:29:41 | cup | Confidence: 1.00
2025-06-27 14:29:41 | background | Confidence: 1.00
2025-06-27 14:29:41 | copybook | Confidence: 0.67
2025-06-27 14:29:42 | background | Confidence: 1.00
2025-06-27 14:29:42 | background | Confidence: 1.00
2025-06-27 14:29:42 | background | Confidence: 1.00
2025-06-27 14:29:42 | background | Confidence: 1.00
2025-06-27 14:29:42 | background | Confidence: 1.00
2025-06-27 14:29:42 | background | Confidence: 1.00
2025-06-27 14:29:42 | background | Confidence: 1.00
2025-06-27 14:29:42 | background | Confidence: 1.00
2025-06-27 14:29:42 | background | Confidence: 1.00
2025-06-27 14:29:43 | background | Confidence: 1.00
2025-06-27 14:29:43 | background | Confidence: 1.00
2025-06-27 14:29:43 | background | Confidence: 1.00
2025-06-27 14:29:43 | background | Confidence: 1.00
2025-06-27 14:29:43 | background | Confidence: 1.00
2025-06-27 14:29:43 | background | Confidence: 1.00
2025-06-27 14:29:43 | background | Confidence: 1.00
2025-06-27 14:29:43 | background | Confidence: 1.00
2025-06-27 14:29:44 | background | Confidence: 1.00
2025-06-27 14:29:44 | background | Confidence: 1.00
2025-06-27 14:29:44 | background | Confidence: 1.00
2025-06-27 14:29:44 | background | Confidence: 1.00
2025-06-27 14:29:44 | background | Confidence: 1.00
2025-06-27 14:29:44 | background | Confidence: 1.00
2025-06-27 14:29:44 | background | Confidence: 1.00
2025-06-27 14:29:44 | background | Confidence: 1.00
2025-06-27 14:29:45 | background | Confidence: 1.00
2025-06-27 14:29:45 | background | Confidence: 1.00
2025-06-27 14:29:45 | cup | Confidence: 0.67
2025-06-27 14:29:45 | background | Confidence: 0.67
2025-06-27 14:29:45 | background | Confidence: 0.67
2025-06-27 14:29:45 | background | Confidence: 1.00
2025-06-27 14:29:45 | copybook | Confidence: 0.67
2025-06-27 14:29:45 | background | Confidence: 1.00
2025-06-27 14:29:46 | background | Confidence: 1.00
2025-06-27 14:29:46 | background | Confidence: 1.00
2025-06-27 14:29:46 | background | Confidence: 1.00
2025-06-27 14:29:46 | cup | Confidence: 0.67
2025-06-27 14:29:46 | cup | Confidence: 0.67
2025-06-27 14:29:46 | cup | Confidence: 0.67
2025-06-27 14:29:46 | background | Confidence: 0.67
2025-06-27 14:29:47 | copybook | Confidence: 0.67
2025-06-27 14:29:47 | background | Confidence: 0.67
2025-06-27 14:29:47 | cup | Confidence: 0.67
2025-06-27 14:29:47 | cup | Confidence: 0.67
2025-06-27 14:29:47 | cup | Confidence: 1.00
2025-06-27 14:29:47 | cup | Confidence: 1.00
2025-06-27 14:29:48 | cup | Confidence: 0.67
2025-06-27 14:29:48 | cup | Confidence: 0.67
2025-06-27 14:29:48 | cup | Confidence: 0.67
2025-06-27 14:29:48 | cup | Confidence: 0.67
2025-06-27 14:29:48 | cup | Confidence: 0.67
2025-06-27 14:29:48 | cup | Confidence: 0.67
2025-06-27 14:29:48 | background | Confidence: 0.67
2025-06-27 14:29:48 | background | Confidence: 0.67
2025-06-27 14:29:48 | background | Confidence: 0.67
2025-06-27 14:29:48 | background | Confidence: 0.67
2025-06-27 14:29:48 | background | Confidence: 0.67
2025-06-27 14:29:49 | background | Confidence: 1.00
2025-06-27 14:29:49 | background | Confidence: 1.00
2025-06-27 14:29:49 | background | Confidence: 1.00
2025-06-27 14:29:49 | background | Confidence: 1.00
2025-06-27 14:29:49 | background | Confidence: 1.00
2025-06-27 14:29:49 | background | Confidence: 1.00
2025-06-27 14:29:49 | background | Confidence: 1.00
2025-06-27 14:29:49 | background | Confidence: 1.00
2025-06-27 14:29:49 | background | Confidence: 1.00
2025-06-27 14:29:49 | background | Confidence: 1.00
2025-06-27 14:29:50 | background | Confidence: 0.67
2025-06-27 14:29:50 | copybook | Confidence: 0.67
2025-06-27 14:29:50 | copybook | Confidence: 0.67
2025-06-27 14:29:50 | cup | Confidence: 0.67
2025-06-27 14:29:50 | Thank you! | Confidence: 0.67
2025-06-27 14:29:50 | Thank you! | Confidence: 0.67
2025-06-27 14:29:50 | Thank you! | Confidence: 0.67
2025-06-27 14:29:50 | copybook | Confidence: 0.67
2025-06-27 14:29:50 | copybook | Confidence: 0.67
2025-06-27 14:29:50 | copybook | Confidence: 1.00
2025-06-27 14:29:51 | copybook | Confidence: 0.67
2025-06-27 14:29:51 | copybook | Confidence: 1.00
2025-06-27 14:29:51 | copybook | Confidence: 0.67
2025-06-27 14:29:51 | background | Confidence: 1.00
2025-06-27 14:29:51 | background | Confidence: 1.00
2025-06-27 14:29:51 | background | Confidence: 1.00
2025-06-27 14:29:51 | background | Confidence: 1.00
2025-06-27 14:29:51 | background | Confidence: 1.00
2025-06-27 14:29:51 | Thank you! | Confidence: 0.67
2025-06-27 14:29:52 | Thank you! | Confidence: 0.67
2025-06-27 14:29:52 | background | Confidence: 1.00
2025-06-27 14:29:52 | background | Confidence: 1.00
2025-06-27 14:29:52 | background | Confidence: 1.00
2025-06-27 14:29:52 | background | Confidence: 0.67
2025-06-27 14:29:52 | cup | Confidence: 1.00
2025-06-27 14:29:52 | background | Confidence: 1.00
2025-06-27 14:29:52 | background | Confidence: 1.00
2025-06-27 14:29:52 | background | Confidence: 1.00
2025-06-27 14:29:52 | background | Confidence: 1.00
2025-06-27 14:29:52 | background | Confidence: 1.00
2025-06-27 14:29:52 | background | Confidence: 1.00
2025-06-27 14:29:52 | background | Confidence: 1.00
2025-06-27 14:29:53 | background | Confidence: 1.00
2025-06-27 14:29:53 | background | Confidence: 1.00
2025-06-27 14:29:53 | background | Confidence: 1.00
2025-06-27 14:29:53 | background | Confidence: 1.00
2025-06-27 14:29:53 | copybook | Confidence: 1.00
2025-06-27 14:29:53 | copybook | Confidence: 0.67
2025-06-27 14:29:53 | Thank you! | Confidence: 0.67
2025-06-27 14:29:53 | cup | Confidence: 0.67
2025-06-27 14:29:53 | cup | Confidence: 0.67
2025-06-27 14:29:53 | Thank you! | Confidence: 0.67
2025-06-27 14:29:53 | Thank you! | Confidence: 0.67
2025-06-27 14:29:53 | background | Confidence: 1.00
2025-06-27 14:29:54 | background | Confidence: 1.00
2025-06-27 14:29:54 | background | Confidence: 1.00
2025-06-27 14:29:54 | background | Confidence: 0.67
2025-06-27 14:29:54 | background | Confidence: 1.00
2025-06-27 14:29:54 | background | Confidence: 1.00
2025-06-27 14:29:54 | copybook | Confidence: 1.00
2025-06-27 14:29:54 | background | Confidence: 1.00
2025-06-27 14:29:54 | background | Confidence: 1.00
2025-06-27 14:29:54 | phone | Confidence: 1.00
2025-06-27 14:29:54 | cup | Confidence: 0.67
2025-06-27 14:29:54 | cup | Confidence: 0.67
2025-06-27 14:29:55 | copybook | Confidence: 0.67
2025-06-27 14:29:55 | phone | Confidence: 1.00
2025-06-27 14:29:55 | background | Confidence: 1.00
2025-06-27 14:29:55 | background | Confidence: 1.00
2025-06-27 14:29:55 | background | Confidence: 1.00
2025-06-27 14:29:55 | background | Confidence: 1.00
2025-06-27 14:29:55 | background | Confidence: 1.00
2025-06-27 14:29:55 | phone | Confidence: 1.00
2025-06-27 14:29:55 | phone | Confidence: 1.00
2025-06-27 14:29:55 | background | Confidence: 1.00
2025-06-27 14:29:55 | background | Confidence: 1.00
2025-06-27 14:29:56 | background | Confidence: 1.00
2025-06-27 14:29:56 | phone | Confidence: 1.00
2025-06-27 14:29:56 | background | Confidence: 1.00
2025-06-27 14:29:56 | background | Confidence: 1.00
2025-06-27 14:29:56 | background | Confidence: 0.67
2025-06-27 14:29:56 | background | Confidence: 1.00
2025-06-27 14:29:56 | background | Confidence: 1.00
2025-06-27 14:29:56 | copybook | Confidence: 0.67
2025-06-27 14:29:56 | phone | Confidence: 1.00
2025-06-27 14:29:56 | cup | Confidence: 0.67
2025-06-27 14:29:56 | background | Confidence: 1.00
2025-06-27 14:29:57 | background | Confidence: 1.00
2025-06-27 14:29:57 | background | Confidence: 0.67
2025-06-27 14:29:57 | background | Confidence: 1.00
2025-06-27 14:29:57 | background | Confidence: 1.00
2025-06-27 14:29:57 | background | Confidence: 1.00
2025-06-27 14:29:57 | background | Confidence: 1.00
2025-06-27 14:29:57 | phone | Confidence: 1.00
2025-06-27 14:29:57 | background | Confidence: 1.00
2025-06-27 14:29:57 | background | Confidence: 1.00
2025-06-27 14:29:57 | background | Confidence: 0.67
2025-06-27 14:29:57 | phone | Confidence: 1.00
2025-06-27 14:29:58 | phone | Confidence: 1.00
2025-06-27 14:29:58 | phone | Confidence: 1.00
2025-06-27 14:29:58 | phone | Confidence: 1.00
2025-06-27 14:29:58 | phone | Confidence: 1.00
2025-06-27 14:29:58 | phone | Confidence: 1.00
2025-06-27 14:29:58 | phone | Confidence: 1.00
2025-06-27 14:29:58 | phone | Confidence: 1.00
2025-06-27 14:29:58 | phone | Confidence: 1.00
2025-06-27 14:29:58 | phone | Confidence: 1.00
2025-06-27 14:29:58 | phone | Confidence: 1.00
2025-06-27 14:29:58 | phone | Confidence: 1.00
2025-06-27 14:29:58 | phone | Confidence: 1.00
2025-06-27 14:29:59 | phone | Confidence: 1.00
2025-06-27 14:29:59 | phone | Confidence: 1.00
2025-06-27 14:29:59 | phone | Confidence: 1.00
2025-06-27 14:29:59 | phone | Confidence: 1.00
2025-06-27 14:29:59 | background | Confidence: 1.00
2025-06-27 14:29:59 | Thank you! | Confidence: 1.00
2025-06-27 14:29:59 | background | Confidence: 1.00
2025-06-27 14:29:59 | background | Confidence: 1.00
2025-06-27 14:29:59 | background | Confidence: 0.67
2025-06-27 14:29:59 | background | Confidence: 1.00
2025-06-27 14:29:59 | background | Confidence: 1.00
2025-06-27 14:29:59 | background | Confidence: 0.67
2025-06-27 14:29:59 | phone | Confidence: 0.67
2025-06-27 14:30:00 | Thank you! | Confidence: 1.00
2025-06-27 14:30:00 | Thank you! | Confidence: 0.67
2025-06-27 14:30:00 | copybook | Confidence: 0.67
2025-06-27 14:30:00 | Thank you! | Confidence: 0.67
2025-06-27 14:30:00 | Thank you! | Confidence: 1.00
2025-06-27 14:30:00 | Thank you! | Confidence: 1.00
2025-06-27 14:30:00 | Thank you! | Confidence: 0.67
2025-06-27 14:30:00 | cup | Confidence: 1.00
2025-06-27 14:30:00 | cup | Confidence: 1.00
2025-06-27 14:30:01 | cup | Confidence: 0.67
2025-06-27 14:30:01 | copybook | Confidence: 0.67
2025-06-27 14:30:01 | copybook | Confidence: 0.67
2025-06-27 14:30:01 | copybook | Confidence: 0.67
2025-06-27 14:30:01 | background | Confidence: 1.00
2025-06-27 14:30:01 | cup | Confidence: 0.67
2025-06-27 14:30:01 | cup | Confidence: 1.00
2025-06-27 14:30:01 | copybook | Confidence: 0.67
2025-06-27 14:30:01 | cup | Confidence: 0.67
2025-06-27 14:30:01 | cup | Confidence: 1.00
2025-06-27 14:30:01 | Thank you! | Confidence: 1.00
2025-06-27 14:30:02 | Thank you! | Confidence: 0.67
2025-06-27 14:30:02 | background | Confidence: 1.00
2025-06-27 14:30:02 | cup | Confidence: 1.00
2025-06-27 14:30:02 | cup | Confidence: 1.00
2025-06-27 14:30:02 | background | Confidence: 0.67
2025-06-27 14:30:02 | background | Confidence: 0.67
2025-06-27 14:30:02 | background | Confidence: 0.67
2025-06-27 14:30:02 | background | Confidence: 1.00
2025-06-27 14:30:02 | background | Confidence: 1.00
2025-06-27 14:30:02 | background | Confidence: 1.00
2025-06-27 14:30:02 | background | Confidence: 1.00
2025-06-27 14:30:02 | cup | Confidence: 0.67
2025-06-27 14:30:03 | cup | Confidence: 0.67
2025-06-27 14:30:03 | background | Confidence: 0.67
2025-06-27 14:30:03 | background | Confidence: 1.00
2025-06-27 14:30:03 | background | Confidence: 1.00
2025-06-27 14:30:03 | copybook | Confidence: 1.00
2025-06-27 14:30:03 | copybook | Confidence: 0.67
2025-06-27 14:30:03 | copybook | Confidence: 0.67
2025-06-27 14:30:03 | background | Confidence: 0.67
2025-06-27 14:30:03 | background | Confidence: 1.00
2025-06-27 14:30:03 | background | Confidence: 1.00
2025-06-27 14:30:03 | copybook | Confidence: 1.00
2025-06-27 14:30:04 | phone | Confidence: 0.67
2025-06-27 14:30:04 | copybook | Confidence: 0.67
2025-06-27 14:30:04 | copybook | Confidence: 0.67
2025-06-27 14:30:04 | cup | Confidence: 0.67
2025-06-27 14:30:04 | cup | Confidence: 0.67
2025-06-27 14:30:04 | cup | Confidence: 0.67
2025-06-27 14:30:04 | cup | Confidence: 0.67
2025-06-27 14:30:04 | cup | Confidence: 0.67
2025-06-27 14:30:04 | cup | Confidence: 0.67
2025-06-27 14:30:04 | cup | Confidence: 1.00
2025-06-27 14:30:04 | cup | Confidence: 0.67
2025-06-27 14:30:05 | copybook | Confidence: 1.00
2025-06-27 14:30:05 | copybook | Confidence: 1.00
2025-06-27 14:30:05 | copybook | Confidence: 1.00
2025-06-27 14:30:05 | copybook | Confidence: 0.67
2025-06-27 14:30:05 | copybook | Confidence: 1.00
2025-06-27 14:30:05 | copybook | Confidence: 0.67
2025-06-27 14:30:05 | cup | Confidence: 1.00
2025-06-27 14:30:05 | cup | Confidence: 1.00
2025-06-27 14:30:05 | cup | Confidence: 1.00
2025-06-27 14:30:05 | background | Confidence: 0.67
2025-06-27 14:30:06 | background | Confidence: 0.67
2025-06-27 14:30:06 | cup | Confidence: 1.00
2025-06-27 14:30:06 | cup | Confidence: 1.00
2025-06-27 14:30:06 | cup | Confidence: 1.00
2025-06-27 14:30:06 | cup | Confidence: 1.00
2025-06-27 14:30:06 | cup | Confidence: 1.00
2025-06-27 14:30:06 | background | Confidence: 0.67
2025-06-27 14:30:06 | background | Confidence: 0.67
2025-06-27 14:30:06 | background | Confidence: 0.67
2025-06-27 14:30:06 | background | Confidence: 0.67
2025-06-27 14:30:06 | background | Confidence: 0.67
2025-06-27 14:30:07 | phone | Confidence: 0.67
2025-06-27 14:30:07 | cup | Confidence: 0.67
2025-06-27 14:30:07 | cup | Confidence: 0.67
2025-06-27 14:30:07 | cup | Confidence: 0.67
2025-06-27 14:30:07 | cup | Confidence: 1.00
2025-06-27 14:30:07 | cup | Confidence: 1.00
2025-06-27 14:30:07 | cup | Confidence: 1.00
2025-06-27 14:30:07 | cup | Confidence: 1.00
2025-06-27 14:30:07 | cup | Confidence: 1.00
2025-06-27 14:30:07 | cup | Confidence: 1.00
2025-06-27 14:30:08 | cup | Confidence: 1.00
2025-06-27 14:30:08 | cup | Confidence: 1.00
2025-06-27 14:30:08 | cup | Confidence: 1.00
2025-06-27 14:30:08 | cup | Confidence: 1.00
2025-06-27 14:30:08 | cup | Confidence: 1.00
2025-06-27 14:30:08 | cup | Confidence: 1.00
2025-06-27 14:30:08 | cup | Confidence: 1.00
2025-06-27 14:30:08 | cup | Confidence: 1.00
2025-06-27 14:30:08 | cup | Confidence: 1.00
2025-06-27 14:30:08 | cup | Confidence: 1.00
2025-06-27 14:30:08 | cup | Confidence: 1.00
2025-06-27 14:30:08 | cup | Confidence: 1.00
2025-06-27 14:30:09 | cup | Confidence: 1.00
2025-06-27 14:30:09 | cup | Confidence: 1.00
2025-06-27 14:30:09 | cup | Confidence: 1.00
2025-06-27 14:30:09 | cup | Confidence: 1.00
2025-06-27 14:30:09 | cup | Confidence: 1.00
2025-06-27 14:30:09 | cup | Confidence: 1.00
2025-06-27 14:30:09 | cup | Confidence: 1.00
2025-06-27 14:30:09 | cup | Confidence: 1.00
2025-06-27 14:30:09 | cup | Confidence: 1.00
2025-06-27 14:30:09 | cup | Confidence: 0.67
2025-06-27 14:30:09 | copybook | Confidence: 0.67
2025-06-27 14:30:10 | copybook | Confidence: 0.67
2025-06-27 14:30:10 | copybook | Confidence: 0.67
2025-06-27 14:30:10 | copybook | Confidence: 0.67
2025-06-27 14:30:10 | background | Confidence: 0.67
2025-06-27 14:30:10 | background | Confidence: 1.00
2025-06-27 14:30:10 | background | Confidence: 1.00
2025-06-27 14:30:10 | Thank you! | Confidence: 0.67
2025-06-27 14:30:10 | cup | Confidence: 0.67
2025-06-27 14:30:10 | copybook | Confidence: 0.67
2025-06-27 14:30:10 | cup | Confidence: 1.00
2025-06-27 14:30:10 | cup | Confidence: 1.00
2025-06-27 14:30:10 | cup | Confidence: 1.00
2025-06-27 14:30:10 | cup | Confidence: 1.00
2025-06-27 14:30:11 | cup | Confidence: 1.00
2025-06-27 14:30:11 | copybook | Confidence: 0.67
2025-06-27 14:30:11 | Thank you! | Confidence: 1.00
2025-06-27 14:30:11 | Thank you! | Confidence: 1.00
2025-06-27 14:30:11 | Thank you! | Confidence: 1.00
2025-06-27 14:30:11 | copybook | Confidence: 0.67
2025-06-27 14:30:11 | copybook | Confidence: 0.67
2025-06-27 14:30:11 | background | Confidence: 1.00
2025-06-27 14:30:11 | copybook | Confidence: 1.00
2025-06-27 14:30:11 | background | Confidence: 1.00
2025-06-27 14:30:11 | background | Confidence: 1.00
2025-06-27 14:30:11 | copybook | Confidence: 0.67
2025-06-27 14:30:12 | background | Confidence: 1.00
2025-06-27 14:30:12 | Thank you! | Confidence: 1.00
2025-06-27 14:30:12 | Thank you! | Confidence: 0.67
2025-06-27 14:30:12 | Thank you! | Confidence: 1.00
2025-06-27 14:30:12 | Thank you! | Confidence: 1.00
2025-06-27 14:30:12 | Thank you! | Confidence: 1.00
2025-06-27 14:30:12 | Thank you! | Confidence: 1.00
2025-06-27 14:30:12 | Thank you! | Confidence: 1.00
2025-06-27 14:30:12 | Thank you! | Confidence: 1.00
2025-06-27 14:30:12 | Thank you! | Confidence: 1.00
2025-06-27 14:30:12 | Thank you! | Confidence: 1.00
2025-06-27 14:30:12 | Thank you! | Confidence: 1.00
2025-06-27 14:30:13 | Thank you! | Confidence: 1.00
2025-06-27 14:30:13 | Thank you! | Confidence: 1.00
2025-06-27 14:30:13 | Thank you! | Confidence: 1.00
2025-06-27 14:30:13 | Thank you! | Confidence: 1.00
2025-06-27 14:30:13 | cup | Confidence: 0.67
2025-06-27 14:30:13 | Thank you! | Confidence: 1.00
2025-06-27 14:30:13 | Thank you! | Confidence: 1.00
2025-06-27 14:30:13 | Thank you! | Confidence: 1.00
2025-06-27 14:30:13 | Thank you! | Confidence: 1.00
2025-06-27 14:30:13 | Thank you! | Confidence: 1.00
2025-06-27 14:30:13 | Thank you! | Confidence: 1.00
2025-06-27 14:30:14 | Thank you! | Confidence: 1.00
2025-06-27 14:30:14 | Thank you! | Confidence: 1.00
2025-06-27 14:30:14 | Thank you! | Confidence: 1.00
2025-06-27 14:30:14 | Thank you! | Confidence: 0.67
2025-06-27 14:30:14 | background | Confidence: 1.00
2025-06-27 14:30:14 | background | Confidence: 0.67
2025-06-27 14:30:14 | background | Confidence: 0.67
2025-06-27 14:30:14 | background | Confidence: 1.00
2025-06-27 14:30:14 | background | Confidence: 1.00
2025-06-27 14:30:14 | background | Confidence: 1.00
2025-06-27 14:30:14 | background | Confidence: 1.00
2025-06-27 14:30:15 | background | Confidence: 1.00
2025-06-27 14:30:15 | background | Confidence: 1.00
2025-06-27 14:30:15 | background | Confidence: 1.00
2025-06-27 14:30:15 | background | Confidence: 0.67
2025-06-27 14:30:15 | background | Confidence: 1.00
2025-06-27 14:30:15 | background | Confidence: 1.00
2025-06-27 14:30:15 | background | Confidence: 1.00
2025-06-27 14:30:15 | background | Confidence: 0.67
2025-06-27 14:30:15 | background | Confidence: 1.00
2025-06-27 14:30:15 | background | Confidence: 1.00
2025-06-27 14:30:15 | background | Confidence: 1.00
2025-06-27 14:30:15 | background | Confidence: 1.00
2025-06-27 14:30:16 | background | Confidence: 1.00
2025-06-27 14:30:16 | background | Confidence: 1.00
2025-06-27 14:30:16 | background | Confidence: 0.67
2025-06-27 14:30:16 | background | Confidence: 0.67
2025-06-27 14:30:16 | background | Confidence: 0.67
2025-06-27 14:30:16 | background | Confidence: 0.67
2025-06-27 14:30:16 | background | Confidence: 1.00
2025-06-27 14:30:16 | background | Confidence: 1.00
2025-06-27 14:30:16 | background | Confidence: 0.67
2025-06-27 14:30:16 | background | Confidence: 0.67
2025-06-27 14:30:16 | background | Confidence: 0.67
2025-06-27 14:30:16 | background | Confidence: 0.67
2025-06-27 14:30:17 | background | Confidence: 0.67
2025-06-27 14:30:17 | background | Confidence: 0.67
2025-06-27 14:30:17 | background | Confidence: 1.00
2025-06-27 14:30:17 | background | Confidence: 1.00
2025-06-27 14:30:17 | background | Confidence: 1.00
2025-06-27 14:30:17 | background | Confidence: 1.00
2025-06-27 14:30:17 | background | Confidence: 1.00
2025-06-27 14:30:17 | background | Confidence: 1.00
2025-06-27 14:30:17 | background | Confidence: 1.00
2025-06-27 14:30:17 | background | Confidence: 1.00
2025-06-27 14:30:17 | background | Confidence: 1.00
2025-06-27 14:30:17 | background | Confidence: 1.00
2025-06-27 14:30:18 | background | Confidence: 1.00
2025-06-27 14:30:18 | background | Confidence: 1.00
2025-06-27 14:30:18 | background | Confidence: 1.00
2025-06-27 14:30:18 | background | Confidence: 1.00
2025-06-27 14:30:18 | background | Confidence: 1.00
2025-06-27 14:30:18 | background | Confidence: 1.00
2025-06-27 14:30:18 | background | Confidence: 1.00
2025-06-27 14:30:18 | background | Confidence: 1.00
2025-06-27 14:30:18 | background | Confidence: 1.00
2025-06-27 14:30:18 | background | Confidence: 1.00
2025-06-27 14:30:18 | background | Confidence: 1.00
2025-06-27 14:30:18 | background | Confidence: 1.00
2025-06-27 14:30:19 | background | Confidence: 1.00
2025-06-27 14:30:19 | background | Confidence: 1.00
2025-06-27 14:30:19 | background | Confidence: 1.00
2025-06-27 14:30:19 | background | Confidence: 0.67
2025-06-27 14:30:19 | cup | Confidence: 0.67
2025-06-27 14:30:19 | background | Confidence: 0.67
2025-06-27 14:30:19 | copybook | Confidence: 0.67
2025-06-27 14:30:19 | Thank you! | Confidence: 0.67
2025-06-27 14:30:19 | Thank you! | Confidence: 0.67
2025-06-27 14:30:19 | Thank you! | Confidence: 0.67
2025-06-27 14:30:20 | Thank you! | Confidence: 0.67
2025-06-27 14:30:20 | Thank you! | Confidence: 0.67
2025-06-27 14:30:20 | copybook | Confidence: 0.67
2025-06-27 14:30:20 | copybook | Confidence: 0.67
2025-06-27 14:30:20 | Thank you! | Confidence: 0.67
2025-06-27 14:30:20 | Thank you! | Confidence: 0.67
2025-06-27 14:30:20 | Thank you! | Confidence: 0.67
2025-06-27 14:30:20 | cup | Confidence: 0.67
2025-06-27 14:30:20 | Thank you! | Confidence: 0.67
2025-06-27 14:30:20 | Thank you! | Confidence: 0.67
2025-06-27 14:30:20 | copybook | Confidence: 1.00
2025-06-27 14:30:20 | Thank you! | Confidence: 0.67
2025-06-27 14:30:21 | Thank you! | Confidence: 0.67
2025-06-27 14:30:21 | Thank you! | Confidence: 0.67
2025-06-27 14:30:21 | Thank you! | Confidence: 0.67
2025-06-27 14:30:21 | cup | Confidence: 0.67
2025-06-27 14:30:21 | cup | Confidence: 0.67
2025-06-27 14:30:21 | cup | Confidence: 0.67
2025-06-27 14:30:21 | background | Confidence: 1.00
2025-06-27 14:30:21 | background | Confidence: 1.00
2025-06-27 14:30:21 | cup | Confidence: 0.67
2025-06-27 14:30:21 | background | Confidence: 1.00
2025-06-27 14:30:21 | background | Confidence: 1.00
2025-06-27 14:30:21 | background | Confidence: 1.00
2025-06-27 14:30:22 | Thank you! | Confidence: 1.00
2025-06-27 14:30:22 | background | Confidence: 1.00
2025-06-27 14:30:22 | background | Confidence: 1.00
2025-06-27 14:30:22 | background | Confidence: 1.00
2025-06-27 14:30:22 | background | Confidence: 1.00
2025-06-27 14:30:22 | background | Confidence: 1.00
2025-06-27 14:30:22 | copybook | Confidence: 0.67
2025-06-27 14:30:22 | background | Confidence: 1.00
2025-06-27 14:30:22 | background | Confidence: 1.00
2025-06-27 14:30:22 | copybook | Confidence: 0.67
2025-06-27 14:30:22 | cup | Confidence: 1.00
2025-06-27 14:30:23 | cup | Confidence: 1.00
2025-06-27 14:30:23 | cup | Confidence: 1.00
2025-06-27 14:30:23 | Thank you! | Confidence: 0.67
2025-06-27 14:30:23 | Thank you! | Confidence: 1.00
2025-06-27 14:30:23 | Thank you! | Confidence: 1.00
2025-06-27 14:30:23 | Thank you! | Confidence: 1.00
2025-06-27 14:30:23 | Thank you! | Confidence: 1.00
2025-06-27 14:30:23 | Thank you! | Confidence: 1.00
2025-06-27 14:30:23 | background | Confidence: 0.67
2025-06-27 14:30:23 | Thank you! | Confidence: 0.67
2025-06-27 14:30:23 | Thank you! | Confidence: 1.00
2025-06-27 14:30:23 | Thank you! | Confidence: 1.00
2025-06-27 14:30:24 | Thank you! | Confidence: 0.67
2025-06-27 14:30:24 | Thank you! | Confidence: 0.67
2025-06-27 14:30:24 | copybook | Confidence: 1.00
2025-06-27 14:30:24 | copybook | Confidence: 1.00
2025-06-27 14:30:24 | copybook | Confidence: 1.00
2025-06-27 14:30:24 | copybook | Confidence: 0.67
2025-06-27 14:30:24 | background | Confidence: 0.67
2025-06-27 14:30:24 | background | Confidence: 1.00
2025-06-27 14:30:24 | background | Confidence: 1.00
2025-06-27 14:30:24 | background | Confidence: 1.00
2025-06-27 14:30:24 | background | Confidence: 1.00
2025-06-27 14:30:25 | background | Confidence: 1.00
2025-06-27 14:30:25 | background | Confidence: 1.00
2025-06-27 14:30:25 | background | Confidence: 1.00
2025-06-27 14:30:25 | background | Confidence: 1.00
2025-06-27 14:30:25 | background | Confidence: 1.00
2025-06-27 14:30:25 | copybook | Confidence: 0.67
2025-06-27 14:30:25 | copybook | Confidence: 0.67
2025-06-27 14:30:25 | copybook | Confidence: 0.67
2025-06-27 14:30:25 | Thank you! | Confidence: 0.67
2025-06-27 14:30:25 | Thank you! | Confidence: 0.67
2025-06-27 14:30:25 | Thank you! | Confidence: 0.67
2025-06-27 14:30:26 | Thank you! | Confidence: 1.00
2025-06-27 14:30:26 | Thank you! | Confidence: 1.00
2025-06-27 14:30:26 | Thank you! | Confidence: 1.00
2025-06-27 14:30:26 | Thank you! | Confidence: 1.00
2025-06-27 14:30:26 | Thank you! | Confidence: 1.00
2025-06-27 14:30:26 | Thank you! | Confidence: 0.67
2025-06-27 14:30:26 | Thank you! | Confidence: 0.67
2025-06-27 14:30:26 | Thank you! | Confidence: 1.00
2025-06-27 14:30:26 | Thank you! | Confidence: 1.00
2025-06-27 14:30:26 | Thank you! | Confidence: 0.67
2025-06-27 14:30:26 | Thank you! | Confidence: 0.67
2025-06-27 14:30:26 | Thank you! | Confidence: 0.67
2025-06-27 14:30:26 | Thank you! | Confidence: 1.00
2025-06-27 14:30:27 | Thank you! | Confidence: 0.67
2025-06-27 14:30:27 | cup | Confidence: 0.67
2025-06-27 14:30:27 | Thank you! | Confidence: 0.67
2025-06-27 14:30:27 | phone | Confidence: 1.00
2025-06-27 14:30:27 | cup | Confidence: 0.67
2025-06-27 14:30:27 | copybook | Confidence: 0.67
2025-06-27 14:30:27 | background | Confidence: 0.67
2025-06-27 14:30:27 | cup | Confidence: 1.00
2025-06-27 14:30:27 | cup | Confidence: 1.00
2025-06-27 14:30:27 | cup | Confidence: 0.67
2025-06-27 14:30:27 | background | Confidence: 0.67
2025-06-27 14:30:27 | cup | Confidence: 0.67
2025-06-27 14:30:28 | cup | Confidence: 1.00
2025-06-27 14:30:28 | cup | Confidence: 1.00
2025-06-27 14:30:28 | cup | Confidence: 0.67
2025-06-27 14:30:28 | cup | Confidence: 0.67
2025-06-27 14:30:28 | copybook | Confidence: 0.67
2025-06-27 14:30:28 | cup | Confidence: 0.67
2025-06-27 14:30:28 | cup | Confidence: 0.67
2025-06-27 14:30:28 | cup | Confidence: 0.67
2025-06-27 14:30:28 | cup | Confidence: 0.67
2025-06-27 14:30:28 | cup | Confidence: 0.67
2025-06-27 14:30:28 | cup | Confidence: 0.67
2025-06-27 14:30:28 | cup | Confidence: 0.67
2025-06-27 14:30:29 | cup | Confidence: 0.67
2025-06-27 14:30:29 | cup | Confidence: 0.67
2025-06-27 14:30:29 | cup | Confidence: 0.67
2025-06-27 14:30:29 | cup | Confidence: 0.67
2025-06-27 14:30:29 | cup | Confidence: 0.67
2025-06-27 14:30:29 | cup | Confidence: 0.67
2025-06-27 14:30:29 | cup | Confidence: 0.67
2025-06-27 14:30:29 | cup | Confidence: 0.67
2025-06-27 14:30:29 | cup | Confidence: 0.67
2025-06-27 14:30:29 | cup | Confidence: 0.67
2025-06-27 14:30:29 | cup | Confidence: 0.67
2025-06-27 14:30:29 | cup | Confidence: 0.67
2025-06-27 14:30:30 | cup | Confidence: 0.67
2025-06-27 14:30:30 | cup | Confidence: 0.67
2025-06-27 14:30:30 | cup | Confidence: 0.67
2025-06-27 14:30:30 | cup | Confidence: 0.67
2025-06-27 14:30:30 | cup | Confidence: 0.67
2025-06-27 14:30:30 | cup | Confidence: 0.67
2025-06-27 14:30:30 | cup | Confidence: 0.67
2025-06-27 14:30:30 | cup | Confidence: 0.67
2025-06-27 14:30:30 | cup | Confidence: 0.67
2025-06-27 14:30:30 | cup | Confidence: 0.67
2025-06-27 14:30:30 | cup | Confidence: 0.67
2025-06-27 14:30:31 | cup | Confidence: 0.67
2025-06-27 14:30:31 | cup | Confidence: 0.67
2025-06-27 14:30:31 | cup | Confidence: 0.67
2025-06-27 14:30:31 | cup | Confidence: 0.67
2025-06-27 14:30:31 | cup | Confidence: 0.67
2025-06-27 14:30:31 | cup | Confidence: 0.67
2025-06-27 14:30:31 | cup | Confidence: 0.67
2025-06-27 14:30:31 | cup | Confidence: 0.67
2025-06-27 14:30:31 | cup | Confidence: 0.67
2025-06-27 14:30:31 | cup | Confidence: 0.67
2025-06-27 14:30:32 | cup | Confidence: 0.67
2025-06-27 14:30:32 | cup | Confidence: 0.67
2025-06-27 14:30:32 | cup | Confidence: 0.67
2025-06-27 14:30:32 | cup | Confidence: 0.67
2025-06-27 14:30:32 | cup | Confidence: 0.67
2025-06-27 14:30:32 | cup | Confidence: 0.67
2025-06-27 14:30:32 | cup | Confidence: 0.67
2025-06-27 14:30:32 | cup | Confidence: 0.67
2025-06-27 14:30:33 | cup | Confidence: 0.67
2025-06-27 14:30:33 | cup | Confidence: 0.67
2025-06-27 14:30:33 | cup | Confidence: 0.67
2025-06-27 14:30:33 | cup | Confidence: 0.67
2025-06-27 14:30:33 | cup | Confidence: 0.67
2025-06-27 14:30:33 | cup | Confidence: 0.67
2025-06-27 14:30:33 | cup | Confidence: 0.67
2025-06-27 14:30:34 | cup | Confidence: 0.67
2025-06-27 14:30:34 | cup | Confidence: 0.67
2025-06-27 14:30:34 | cup | Confidence: 0.67
2025-06-27 14:30:34 | cup | Confidence: 0.67
2025-06-27 14:30:34 | cup | Confidence: 0.67
2025-06-27 14:30:34 | cup | Confidence: 0.67
2025-06-27 14:30:34 | cup | Confidence: 0.67
2025-06-27 14:30:34 | cup | Confidence: 0.67
2025-06-27 14:30:35 | cup | Confidence: 0.67
2025-06-27 14:30:35 | cup | Confidence: 0.67
2025-06-27 14:30:35 | cup | Confidence: 0.67
2025-06-27 14:30:35 | cup | Confidence: 0.67
2025-06-27 14:30:35 | cup | Confidence: 0.67
2025-06-27 14:30:35 | cup | Confidence: 0.67
2025-06-27 14:30:35 | cup | Confidence: 0.67
2025-06-27 14:30:35 | cup | Confidence: 0.67
2025-06-27 14:30:35 | cup | Confidence: 0.67
2025-06-27 14:30:35 | cup | Confidence: 0.67
2025-06-27 14:30:35 | cup | Confidence: 0.67
2025-06-27 14:30:36 | cup | Confidence: 0.67
2025-06-27 14:30:36 | cup | Confidence: 0.67
2025-06-27 14:30:36 | cup | Confidence: 0.67
2025-06-27 14:30:36 | cup | Confidence: 0.67
2025-06-27 14:30:36 | cup | Confidence: 0.67
2025-06-27 14:30:36 | cup | Confidence: 0.67
2025-06-27 14:30:36 | cup | Confidence: 0.67
2025-06-27 14:30:36 | cup | Confidence: 0.67
2025-06-27 14:30:36 | cup | Confidence: 0.67
2025-06-27 14:30:36 | cup | Confidence: 0.67
2025-06-27 14:30:36 | cup | Confidence: 0.67
2025-06-27 14:30:36 | cup | Confidence: 0.67
2025-06-27 14:30:37 | cup | Confidence: 0.67
2025-06-27 14:30:37 | cup | Confidence: 0.67
2025-06-27 14:30:37 | cup | Confidence: 0.67
2025-06-27 14:30:37 | cup | Confidence: 0.67
2025-06-27 14:30:37 | cup | Confidence: 0.67
2025-06-27 14:30:37 | cup | Confidence: 0.67
2025-06-27 14:30:37 | cup | Confidence: 0.67
2025-06-27 14:30:37 | cup | Confidence: 0.67
2025-06-27 14:30:37 | cup | Confidence: 0.67
2025-06-27 14:30:37 | cup | Confidence: 0.67
2025-06-27 14:30:37 | cup | Confidence: 0.67
2025-06-27 14:30:37 | cup | Confidence: 0.67
2025-06-27 14:30:38 | cup | Confidence: 0.67
2025-06-27 14:30:38 | cup | Confidence: 0.67
2025-06-27 14:30:38 | cup | Confidence: 0.67
2025-06-27 14:30:38 | cup | Confidence: 0.67
2025-06-27 14:30:38 | cup | Confidence: 0.67
2025-06-27 14:30:38 | cup | Confidence: 0.67
2025-06-27 14:30:38 | cup | Confidence: 0.67
2025-06-27 14:30:38 | cup | Confidence: 0.67
2025-06-27 14:30:38 | cup | Confidence: 0.67
2025-06-27 14:30:38 | cup | Confidence: 0.67
2025-06-27 14:30:39 | cup | Confidence: 0.67
2025-06-27 14:30:39 | cup | Confidence: 0.67
2025-06-27 14:30:39 | cup | Confidence: 0.67
2025-06-27 14:30:39 | cup | Confidence: 0.67
2025-06-27 14:30:39 | cup | Confidence: 0.67
2025-06-27 14:30:39 | cup | Confidence: 0.67
2025-06-27 14:30:39 | cup | Confidence: 0.67
2025-06-27 14:30:39 | cup | Confidence: 0.67
2025-06-27 14:30:39 | cup | Confidence: 0.67
2025-06-27 14:30:40 | cup | Confidence: 0.67
2025-06-27 14:30:40 | cup | Confidence: 0.67
2025-06-27 14:30:40 | cup | Confidence: 0.67
2025-06-27 14:30:40 | cup | Confidence: 0.67
2025-06-27 14:30:40 | cup | Confidence: 0.67
2025-06-27 14:30:40 | cup | Confidence: 0.67
2025-06-27 14:30:40 | cup | Confidence: 0.67
2025-06-27 14:30:40 | cup | Confidence: 0.67
2025-06-27 14:30:40 | cup | Confidence: 0.67
2025-06-27 14:30:40 | cup | Confidence: 0.67
2025-06-27 14:30:40 | cup | Confidence: 0.67
2025-06-27 14:30:40 | cup | Confidence: 0.67
2025-06-27 14:30:41 | cup | Confidence: 0.67
2025-06-27 14:30:41 | cup | Confidence: 0.67
2025-06-27 14:30:41 | cup | Confidence: 0.67
2025-06-27 14:30:41 | cup | Confidence: 0.67
2025-06-27 14:30:41 | cup | Confidence: 0.67
2025-06-27 14:30:41 | cup | Confidence: 0.67
2025-06-27 14:30:41 | cup | Confidence: 0.67
2025-06-27 14:30:41 | cup | Confidence: 0.67
2025-06-27 14:30:41 | cup | Confidence: 0.67
2025-06-27 14:30:41 | cup | Confidence: 0.67
2025-06-27 14:30:42 | cup | Confidence: 0.67
2025-06-27 14:30:42 | cup | Confidence: 0.67
2025-06-27 14:30:42 | cup | Confidence: 0.67
2025-06-27 14:30:42 | cup | Confidence: 0.67
2025-06-27 14:30:42 | cup | Confidence: 0.67
2025-06-27 14:30:42 | cup | Confidence: 0.67
2025-06-27 14:30:42 | cup | Confidence: 0.67
2025-06-27 14:30:42 | cup | Confidence: 0.67
2025-06-27 14:30:42 | cup | Confidence: 0.67
2025-06-27 14:30:42 | cup | Confidence: 0.67
2025-06-27 14:30:42 | cup | Confidence: 0.67
2025-06-27 14:30:43 | cup | Confidence: 0.67
2025-06-27 14:30:43 | cup | Confidence: 0.67
2025-06-27 14:30:43 | cup | Confidence: 0.67
2025-06-27 14:30:43 | cup | Confidence: 0.67
2025-06-27 14:30:43 | cup | Confidence: 0.67
2025-06-27 14:30:43 | cup | Confidence: 0.67
2025-06-27 14:30:43 | cup | Confidence: 0.67
2025-06-27 14:30:43 | cup | Confidence: 0.67
2025-06-27 14:30:43 | cup | Confidence: 0.67
2025-06-27 14:30:44 | cup | Confidence: 0.67
2025-06-27 14:30:44 | cup | Confidence: 0.67
2025-06-27 14:30:44 | cup | Confidence: 0.67
2025-06-27 14:30:44 | cup | Confidence: 0.67
2025-06-27 14:30:44 | cup | Confidence: 0.67
2025-06-27 14:30:44 | cup | Confidence: 0.67
2025-06-27 14:30:44 | cup | Confidence: 0.67
2025-06-27 14:30:44 | cup | Confidence: 0.67
2025-06-27 14:30:44 | cup | Confidence: 0.67
2025-06-27 14:30:45 | copybook | Confidence: 0.67
2025-06-27 14:30:45 | cup | Confidence: 0.67
2025-06-27 14:30:45 | cup | Confidence: 0.67
2025-06-27 14:30:45 | cup | Confidence: 0.67
2025-06-27 14:30:45 | cup | Confidence: 0.67
2025-06-27 14:30:45 | cup | Confidence: 0.67
2025-06-27 14:30:45 | cup | Confidence: 0.67
2025-06-27 14:30:45 | cup | Confidence: 0.67
2025-06-27 14:30:46 | cup | Confidence: 0.67
2025-06-27 14:30:46 | cup | Confidence: 0.67
2025-06-27 14:30:46 | cup | Confidence: 0.67
2025-06-27 14:30:46 | cup | Confidence: 0.67
2025-06-27 14:30:46 | cup | Confidence: 0.67
2025-06-27 14:30:46 | cup | Confidence: 0.67
2025-06-27 14:30:46 | cup | Confidence: 0.67
2025-06-27 14:30:46 | cup | Confidence: 0.67
2025-06-27 14:30:46 | cup | Confidence: 0.67
2025-06-27 14:30:46 | cup | Confidence: 0.67
2025-06-27 14:30:47 | cup | Confidence: 0.67
2025-06-27 14:30:47 | cup | Confidence: 0.67
2025-06-27 14:30:47 | cup | Confidence: 0.67
2025-06-27 14:30:47 | cup | Confidence: 0.67
2025-06-27 14:30:47 | cup | Confidence: 0.67
2025-06-27 14:30:47 | copybook | Confidence: 0.67
2025-06-27 14:30:47 | cup | Confidence: 0.67
2025-06-27 14:30:47 | cup | Confidence: 0.67
2025-06-27 14:30:48 | cup | Confidence: 0.67
2025-06-27 14:30:48 | cup | Confidence: 0.67
2025-06-27 14:30:48 | cup | Confidence: 0.67
2025-06-27 14:30:48 | cup | Confidence: 0.67
2025-06-27 14:30:48 | cup | Confidence: 0.67
2025-06-27 14:30:48 | cup | Confidence: 0.67
2025-06-27 14:30:48 | cup | Confidence: 0.67
2025-06-27 14:30:48 | cup | Confidence: 0.67
2025-06-27 14:30:49 | cup | Confidence: 0.67
2025-06-27 14:30:49 | cup | Confidence: 0.67
2025-06-27 14:30:49 | cup | Confidence: 0.67
2025-06-27 14:30:49 | cup | Confidence: 0.67
2025-06-27 14:30:49 | cup | Confidence: 0.67
2025-06-27 14:30:49 | cup | Confidence: 0.67
2025-06-27 14:30:49 | cup | Confidence: 0.67
2025-06-27 14:30:49 | cup | Confidence: 0.67
2025-06-27 14:30:49 | cup | Confidence: 0.67
2025-06-27 14:30:49 | cup | Confidence: 0.67
2025-06-27 14:30:50 | cup | Confidence: 0.67
2025-06-27 14:30:50 | cup | Confidence: 0.67
2025-06-27 14:30:50 | cup | Confidence: 0.67
2025-06-27 14:30:50 | cup | Confidence: 0.67
2025-06-27 14:30:50 | cup | Confidence: 0.67
2025-06-27 14:30:50 | cup | Confidence: 0.67
2025-06-27 14:30:50 | cup | Confidence: 0.67
2025-06-27 14:30:50 | cup | Confidence: 0.67
2025-06-27 14:30:50 | cup | Confidence: 0.67
2025-06-27 14:30:50 | cup | Confidence: 0.67
2025-06-27 14:30:51 | cup | Confidence: 0.67
2025-06-27 14:30:51 | cup | Confidence: 0.67
2025-06-27 14:30:51 | copybook | Confidence: 0.67
2025-06-27 14:30:51 | cup | Confidence: 0.67
2025-06-27 14:30:51 | cup | Confidence: 0.67
2025-06-27 14:30:51 | cup | Confidence: 0.67
2025-06-27 14:30:51 | cup | Confidence: 0.67
2025-06-27 14:30:51 | cup | Confidence: 0.67
2025-06-27 14:30:51 | cup | Confidence: 0.67
2025-06-27 14:30:51 | cup | Confidence: 0.67
2025-06-27 14:30:51 | cup | Confidence: 0.67
2025-06-27 14:30:52 | cup | Confidence: 0.67
2025-06-27 14:30:52 | cup | Confidence: 0.67
2025-06-27 14:30:52 | copybook | Confidence: 0.67
2025-06-27 14:30:52 | cup | Confidence: 0.67
2025-06-27 14:30:52 | cup | Confidence: 0.67
2025-06-27 14:30:52 | cup | Confidence: 0.67
2025-06-27 14:30:52 | cup | Confidence: 0.67
2025-06-27 14:30:52 | cup | Confidence: 0.67
2025-06-27 14:30:52 | cup | Confidence: 0.67
2025-06-27 14:30:52 | cup | Confidence: 0.67
2025-06-27 14:30:52 | cup | Confidence: 0.67
2025-06-27 14:30:53 | cup | Confidence: 0.67
2025-06-27 14:30:53 | cup | Confidence: 0.67
2025-06-27 14:30:53 | cup | Confidence: 0.67
2025-06-27 14:30:53 | cup | Confidence: 0.67
2025-06-27 14:30:53 | cup | Confidence: 0.67
2025-06-27 14:30:53 | cup | Confidence: 0.67
2025-06-27 14:30:53 | copybook | Confidence: 0.67
2025-06-27 14:30:53 | cup | Confidence: 0.67
2025-06-27 14:30:53 | cup | Confidence: 0.67
2025-06-27 14:30:53 | cup | Confidence: 0.67
2025-06-27 14:30:53 | cup | Confidence: 0.67
2025-06-27 14:30:54 | cup | Confidence: 0.67
2025-06-27 14:30:54 | cup | Confidence: 0.67
2025-06-27 14:30:54 | cup | Confidence: 0.67
2025-06-27 14:30:54 | cup | Confidence: 0.67
2025-06-27 14:30:54 | cup | Confidence: 0.67
2025-06-27 14:30:54 | cup | Confidence: 0.67
2025-06-27 14:30:54 | cup | Confidence: 0.67
2025-06-27 14:30:54 | cup | Confidence: 0.67
2025-06-27 14:30:55 | cup | Confidence: 0.67
2025-06-27 14:30:55 | cup | Confidence: 0.67
2025-06-27 14:30:55 | cup | Confidence: 0.67
2025-06-27 14:30:55 | cup | Confidence: 0.67
2025-06-27 14:30:55 | cup | Confidence: 0.67
2025-06-27 14:30:55 | cup | Confidence: 0.67
2025-06-27 14:30:55 | cup | Confidence: 0.67
2025-06-27 14:30:55 | cup | Confidence: 0.67
2025-06-27 14:30:55 | cup | Confidence: 0.67
2025-06-27 14:30:55 | cup | Confidence: 0.67
2025-06-27 14:30:56 | cup | Confidence: 0.67
2025-06-27 14:30:56 | cup | Confidence: 0.67
2025-06-27 14:30:56 | cup | Confidence: 0.67
2025-06-27 14:30:56 | cup | Confidence: 0.67
2025-06-27 14:30:56 | cup | Confidence: 0.67
2025-06-27 14:30:56 | cup | Confidence: 0.67
2025-06-27 14:30:56 | cup | Confidence: 0.67
2025-06-27 14:30:56 | cup | Confidence: 0.67
2025-06-27 14:30:56 | copybook | Confidence: 0.67
2025-06-27 14:30:56 | cup | Confidence: 0.67
2025-06-27 14:30:56 | cup | Confidence: 0.67
2025-06-27 14:30:57 | cup | Confidence: 0.67
2025-06-27 14:30:57 | cup | Confidence: 0.67
2025-06-27 14:30:57 | cup | Confidence: 0.67
2025-06-27 14:30:57 | cup | Confidence: 0.67
2025-06-27 14:30:57 | copybook | Confidence: 0.67
2025-06-27 14:30:57 | copybook | Confidence: 0.67
2025-06-27 14:30:57 | cup | Confidence: 0.67
2025-06-27 14:30:57 | copybook | Confidence: 0.67
2025-06-27 14:30:57 | copybook | Confidence: 0.67
2025-06-27 14:30:57 | copybook | Confidence: 0.67
2025-06-27 14:30:57 | cup | Confidence: 0.67
2025-06-27 14:30:58 | cup | Confidence: 0.67
2025-06-27 14:30:58 | copybook | Confidence: 0.67
2025-06-27 14:30:58 | copybook | Confidence: 0.67
2025-06-27 14:30:58 | cup | Confidence: 0.67
2025-06-27 14:30:58 | copybook | Confidence: 0.67
2025-06-27 14:30:58 | copybook | Confidence: 0.67
2025-06-27 14:30:58 | copybook | Confidence: 0.67
2025-06-27 14:30:58 | cup | Confidence: 0.67
2025-06-27 14:30:58 | copybook | Confidence: 0.67
2025-06-27 14:30:58 | cup | Confidence: 0.67
2025-06-27 14:30:58 | copybook | Confidence: 1.00
2025-06-27 14:30:58 | copybook | Confidence: 0.67
2025-06-27 14:30:59 | copybook | Confidence: 0.67
2025-06-27 14:30:59 | cup | Confidence: 0.67
2025-06-27 14:30:59 | cup | Confidence: 0.67
2025-06-27 14:30:59 | cup | Confidence: 0.67
2025-06-27 14:30:59 | copybook | Confidence: 0.67
2025-06-27 14:30:59 | copybook | Confidence: 0.67
2025-06-27 14:30:59 | cup | Confidence: 0.67
2025-06-27 14:30:59 | cup | Confidence: 0.67
2025-06-27 14:30:59 | copybook | Confidence: 0.67
2025-06-27 14:30:59 | cup | Confidence: 0.67
2025-06-27 14:30:59 | cup | Confidence: 0.67
2025-06-27 14:30:59 | copybook | Confidence: 0.67
2025-06-27 14:31:00 | cup | Confidence: 0.67
2025-06-27 14:31:00 | copybook | Confidence: 0.67
2025-06-27 14:31:00 | cup | Confidence: 0.67
2025-06-27 14:31:00 | copybook | Confidence: 1.00
2025-06-27 14:31:00 | cup | Confidence: 0.67
2025-06-27 14:31:00 | copybook | Confidence: 0.67
2025-06-27 14:31:00 | copybook | Confidence: 0.67
2025-06-27 14:31:00 | cup | Confidence: 0.67
2025-06-27 14:31:00 | copybook | Confidence: 1.00
2025-06-27 14:31:00 | copybook | Confidence: 0.67
2025-06-27 14:31:00 | cup | Confidence: 0.67
2025-06-27 14:31:00 | copybook | Confidence: 0.67
2025-06-27 14:31:01 | copybook | Confidence: 1.00
2025-06-27 14:31:01 | copybook | Confidence: 0.67
2025-06-27 14:31:01 | cup | Confidence: 0.67
2025-06-27 14:31:01 | cup | Confidence: 0.67
2025-06-27 14:31:01 | cup | Confidence: 0.67
2025-06-27 14:31:01 | copybook | Confidence: 0.67
2025-06-27 14:31:01 | copybook | Confidence: 1.00
2025-06-27 14:31:01 | copybook | Confidence: 0.67
2025-06-27 14:31:01 | cup | Confidence: 0.67
2025-06-27 14:31:01 | copybook | Confidence: 0.67
2025-06-27 14:31:01 | copybook | Confidence: 0.67
2025-06-27 14:31:02 | cup | Confidence: 0.67
2025-06-27 14:31:02 | copybook | Confidence: 0.67
2025-06-27 14:31:02 | copybook | Confidence: 0.67
2025-06-27 14:31:02 | copybook | Confidence: 0.67
2025-06-27 14:31:02 | copybook | Confidence: 0.67
2025-06-27 14:31:02 | copybook | Confidence: 0.67
2025-06-27 14:31:02 | cup | Confidence: 0.67
2025-06-27 14:31:02 | copybook | Confidence: 0.67
2025-06-27 14:31:02 | copybook | Confidence: 0.67
2025-06-27 14:31:02 | copybook | Confidence: 0.67
2025-06-27 14:31:02 | copybook | Confidence: 0.67
2025-06-27 14:31:02 | copybook | Confidence: 0.67
2025-06-27 14:31:03 | copybook | Confidence: 0.67
2025-06-27 14:31:03 | cup | Confidence: 0.67
2025-06-27 14:31:03 | copybook | Confidence: 0.67
2025-06-27 14:31:03 | cup | Confidence: 0.67
2025-06-27 14:31:03 | cup | Confidence: 0.67
2025-06-27 14:31:03 | copybook | Confidence: 0.67
2025-06-27 14:31:03 | copybook | Confidence: 0.67
2025-06-27 14:31:03 | copybook | Confidence: 0.67
2025-06-27 14:31:03 | cup | Confidence: 0.67
2025-06-27 14:31:03 | copybook | Confidence: 0.67
2025-06-27 14:31:03 | copybook | Confidence: 0.67
2025-06-27 14:31:03 | cup | Confidence: 0.67
2025-06-27 14:31:03 | cup | Confidence: 0.67
2025-06-27 14:31:04 | cup | Confidence: 0.67
2025-06-27 14:31:04 | copybook | Confidence: 0.67
2025-06-27 14:31:04 | copybook | Confidence: 0.67
2025-06-27 14:31:04 | copybook | Confidence: 0.67
2025-06-27 14:31:04 | cup | Confidence: 0.67
2025-06-27 14:31:04 | cup | Confidence: 0.67
2025-06-27 14:31:04 | copybook | Confidence: 1.00
2025-06-27 14:31:04 | copybook | Confidence: 0.67
2025-06-27 14:31:04 | cup | Confidence: 0.67
2025-06-27 14:31:04 | cup | Confidence: 0.67
2025-06-27 14:31:04 | copybook | Confidence: 1.00
2025-06-27 14:31:05 | copybook | Confidence: 0.67
2025-06-27 14:31:05 | copybook | Confidence: 0.67
2025-06-27 14:31:05 | copybook | Confidence: 0.67
2025-06-27 14:31:05 | copybook | Confidence: 0.67
2025-06-27 14:31:05 | copybook | Confidence: 0.67
2025-06-27 14:31:05 | cup | Confidence: 0.67
2025-06-27 14:31:05 | copybook | Confidence: 1.00
2025-06-27 14:31:05 | copybook | Confidence: 0.67
2025-06-27 14:31:05 | cup | Confidence: 0.67
2025-06-27 14:31:05 | cup | Confidence: 0.67
2025-06-27 14:31:05 | cup | Confidence: 0.67
2025-06-27 14:31:06 | copybook | Confidence: 0.67
2025-06-27 14:31:06 | copybook | Confidence: 0.67
2025-06-27 14:31:06 | copybook | Confidence: 0.67
2025-06-27 14:31:06 | copybook | Confidence: 0.67
2025-06-27 14:31:06 | copybook | Confidence: 1.00
2025-06-27 14:31:06 | copybook | Confidence: 0.67
2025-06-27 14:31:06 | copybook | Confidence: 0.67
2025-06-27 14:31:06 | copybook | Confidence: 0.67
2025-06-27 14:31:06 | cup | Confidence: 0.67
2025-06-27 14:31:06 | copybook | Confidence: 1.00
2025-06-27 14:31:06 | copybook | Confidence: 0.67
2025-06-27 14:31:06 | copybook | Confidence: 1.00
2025-06-27 14:31:07 | cup | Confidence: 0.67
2025-06-27 14:31:07 | copybook | Confidence: 0.67
2025-06-27 14:31:07 | copybook | Confidence: 0.67
2025-06-27 14:31:07 | copybook | Confidence: 0.67
2025-06-27 14:31:07 | copybook | Confidence: 0.67
2025-06-27 14:31:07 | copybook | Confidence: 0.67
2025-06-27 14:31:07 | copybook | Confidence: 0.67
2025-06-27 14:31:07 | copybook | Confidence: 0.67
2025-06-27 14:31:07 | copybook | Confidence: 0.67
2025-06-27 14:31:07 | cup | Confidence: 0.67
2025-06-27 14:31:07 | cup | Confidence: 0.67
2025-06-27 14:31:07 | copybook | Confidence: 0.67
2025-06-27 14:31:07 | copybook | Confidence: 0.67
2025-06-27 14:31:08 | copybook | Confidence: 0.67
2025-06-27 14:31:08 | copybook | Confidence: 0.67
2025-06-27 14:31:08 | copybook | Confidence: 0.67
2025-06-27 14:31:08 | copybook | Confidence: 1.00
2025-06-27 14:31:08 | copybook | Confidence: 0.67
2025-06-27 14:31:08 | cup | Confidence: 0.67
2025-06-27 14:31:08 | copybook | Confidence: 1.00
2025-06-27 14:31:08 | copybook | Confidence: 0.67
2025-06-27 14:31:08 | copybook | Confidence: 0.67
2025-06-27 14:31:08 | copybook | Confidence: 1.00
2025-06-27 14:31:08 | cup | Confidence: 0.67
2025-06-27 14:31:09 | copybook | Confidence: 1.00
2025-06-27 14:31:09 | cup | Confidence: 0.67
2025-06-27 14:31:09 | copybook | Confidence: 1.00
2025-06-27 14:31:09 | copybook | Confidence: 1.00
2025-06-27 14:31:09 | copybook | Confidence: 1.00
2025-06-27 14:31:09 | cup | Confidence: 0.67
2025-06-27 14:31:09 | copybook | Confidence: 0.67
2025-06-27 14:31:09 | copybook | Confidence: 0.67
2025-06-27 14:31:10 | copybook | Confidence: 0.67
2025-06-27 14:31:10 | copybook | Confidence: 1.00
2025-06-27 14:31:10 | copybook | Confidence: 0.67
2025-06-27 14:31:10 | copybook | Confidence: 0.67
2025-06-27 14:31:10 | copybook | Confidence: 0.67
2025-06-27 14:31:10 | copybook | Confidence: 1.00
2025-06-27 14:31:10 | copybook | Confidence: 0.67
2025-06-27 14:31:10 | copybook | Confidence: 0.67
2025-06-27 14:31:10 | cup | Confidence: 0.67
2025-06-27 14:31:10 | cup | Confidence: 0.67
2025-06-27 14:31:11 | copybook | Confidence: 0.67
2025-06-27 14:31:11 | cup | Confidence: 0.67
2025-06-27 14:31:11 | copybook | Confidence: 1.00
2025-06-27 14:31:11 | cup | Confidence: 0.67
2025-06-27 14:31:11 | copybook | Confidence: 1.00
2025-06-27 14:31:11 | cup | Confidence: 0.67
2025-06-27 14:31:11 | copybook | Confidence: 0.67
2025-06-27 14:31:11 | copybook | Confidence: 0.67
2025-06-27 14:31:12 | cup | Confidence: 0.67
2025-06-27 14:31:12 | copybook | Confidence: 0.67
2025-06-27 14:31:12 | cup | Confidence: 0.67
2025-06-27 14:31:12 | cup | Confidence: 0.67
2025-06-27 14:31:12 | cup | Confidence: 0.67
2025-06-27 14:31:12 | copybook | Confidence: 0.67
2025-06-27 14:31:12 | copybook | Confidence: 0.67
2025-06-27 14:31:12 | cup | Confidence: 0.67
2025-06-27 14:31:13 | cup | Confidence: 0.67
2025-06-27 14:31:13 | cup | Confidence: 0.67
2025-06-27 14:31:13 | copybook | Confidence: 0.67
2025-06-27 14:31:13 | copybook | Confidence: 0.67
2025-06-27 14:31:13 | cup | Confidence: 0.67
2025-06-27 14:31:13 | cup | Confidence: 0.67
2025-06-27 14:31:13 | copybook | Confidence: 1.00
2025-06-27 14:31:14 | cup | Confidence: 0.67
2025-06-27 14:31:14 | cup | Confidence: 0.67
2025-06-27 14:31:14 | cup | Confidence: 0.67
2025-06-27 14:31:14 | copybook | Confidence: 0.67
2025-06-27 14:31:14 | cup | Confidence: 0.67
2025-06-27 14:31:14 | cup | Confidence: 0.67
2025-06-27 14:31:14 | copybook | Confidence: 0.67
2025-06-27 14:31:14 | copybook | Confidence: 1.00
2025-06-27 14:31:14 | copybook | Confidence: 1.00
2025-06-27 14:31:15 | copybook | Confidence: 1.00
2025-06-27 14:31:15 | copybook | Confidence: 0.67
2025-06-27 14:31:15 | copybook | Confidence: 1.00
2025-06-27 14:31:15 | cup | Confidence: 0.67
2025-06-27 14:31:15 | copybook | Confidence: 0.67
2025-06-27 14:31:15 | cup | Confidence: 0.67
2025-06-27 14:31:16 | copybook | Confidence: 0.67
2025-06-27 14:31:16 | cup | Confidence: 0.67
2025-06-27 14:31:16 | copybook | Confidence: 1.00
2025-06-27 14:31:16 | cup | Confidence: 0.67
2025-06-27 14:31:16 | copybook | Confidence: 1.00
2025-06-27 14:31:16 | copybook | Confidence: 0.67
2025-06-27 14:31:16 | cup | Confidence: 0.67
2025-06-27 14:31:16 | copybook | Confidence: 1.00
2025-06-27 14:31:17 | cup | Confidence: 0.67
2025-06-27 14:31:17 | copybook | Confidence: 1.00
2025-06-27 14:31:17 | copybook | Confidence: 1.00
2025-06-27 14:31:17 | cup | Confidence: 0.67
2025-06-27 14:31:17 | cup | Confidence: 0.67
2025-06-27 14:31:17 | copybook | Confidence: 0.67
2025-06-27 14:31:17 | cup | Confidence: 0.67
2025-06-27 14:31:17 | cup | Confidence: 0.67
2025-06-27 14:31:17 | cup | Confidence: 0.67
2025-06-27 14:31:17 | cup | Confidence: 0.67
2025-06-27 14:31:17 | copybook | Confidence: 0.67
2025-06-27 14:31:17 | copybook | Confidence: 0.67
2025-06-27 14:31:18 | cup | Confidence: 0.67
2025-06-27 14:31:18 | copybook | Confidence: 1.00
2025-06-27 14:31:18 | copybook | Confidence: 1.00
2025-06-27 14:31:18 | cup | Confidence: 0.67
2025-06-27 14:31:18 | cup | Confidence: 0.67
2025-06-27 14:31:18 | copybook | Confidence: 1.00
2025-06-27 14:31:18 | cup | Confidence: 0.67
2025-06-27 14:31:18 | copybook | Confidence: 0.67
2025-06-27 14:31:18 | cup | Confidence: 0.67
2025-06-27 14:31:19 | cup | Confidence: 0.67
2025-06-27 14:31:19 | cup | Confidence: 0.67
2025-06-27 14:31:19 | cup | Confidence: 0.67
2025-06-27 14:31:19 | copybook | Confidence: 0.67
2025-06-27 14:31:19 | copybook | Confidence: 1.00
2025-06-27 14:31:19 | cup | Confidence: 0.67
2025-06-27 14:31:19 | cup | Confidence: 0.67
2025-06-27 14:31:19 | cup | Confidence: 0.67
2025-06-27 14:31:19 | copybook | Confidence: 0.67
2025-06-27 14:31:19 | copybook | Confidence: 1.00
2025-06-27 14:31:20 | copybook | Confidence: 1.00
2025-06-27 14:31:20 | copybook | Confidence: 0.67
2025-06-27 14:31:20 | copybook | Confidence: 0.67
2025-06-27 14:31:20 | copybook | Confidence: 1.00
2025-06-27 14:31:20 | copybook | Confidence: 1.00
2025-06-27 14:31:20 | copybook | Confidence: 0.67
2025-06-27 14:31:20 | cup | Confidence: 0.67
2025-06-27 14:31:20 | cup | Confidence: 0.67
2025-06-27 14:31:20 | copybook | Confidence: 1.00
2025-06-27 14:31:20 | copybook | Confidence: 0.67
2025-06-27 14:31:20 | copybook | Confidence: 0.67
2025-06-27 14:31:20 | cup | Confidence: 0.67
2025-06-27 14:31:21 | copybook | Confidence: 1.00
2025-06-27 14:31:21 | cup | Confidence: 0.67
2025-06-27 14:31:21 | copybook | Confidence: 0.67
2025-06-27 14:31:21 | copybook | Confidence: 0.67
2025-06-27 14:31:21 | cup | Confidence: 0.67
2025-06-27 14:31:21 | copybook | Confidence: 1.00
2025-06-27 14:31:21 | cup | Confidence: 0.67
2025-06-27 14:31:21 | copybook | Confidence: 1.00
2025-06-27 14:31:21 | cup | Confidence: 0.67
2025-06-27 14:31:21 | copybook | Confidence: 0.67
2025-06-27 14:31:21 | cup | Confidence: 0.67
2025-06-27 14:31:21 | copybook | Confidence: 0.67
2025-06-27 14:31:22 | copybook | Confidence: 0.67
2025-06-27 14:31:22 | copybook | Confidence: 1.00
2025-06-27 14:31:22 | copybook | Confidence: 1.00
2025-06-27 14:31:22 | cup | Confidence: 0.67
2025-06-27 14:31:22 | copybook | Confidence: 0.67
2025-06-27 14:31:22 | copybook | Confidence: 0.67
2025-06-27 14:31:22 | copybook | Confidence: 0.67
2025-06-27 14:31:22 | copybook | Confidence: 0.67
2025-06-27 14:31:22 | cup | Confidence: 0.67
2025-06-27 14:31:22 | copybook | Confidence: 1.00
2025-06-27 14:31:22 | copybook | Confidence: 0.67
2025-06-27 14:31:23 | cup | Confidence: 1.00
2025-06-27 14:31:23 | copybook | Confidence: 0.67
2025-06-27 14:31:23 | copybook | Confidence: 1.00
2025-06-27 14:31:23 | copybook | Confidence: 0.67
2025-06-27 14:31:23 | copybook | Confidence: 0.67
2025-06-27 14:31:23 | copybook | Confidence: 1.00
2025-06-27 14:31:23 | copybook | Confidence: 1.00
2025-06-27 14:31:23 | cup | Confidence: 1.00
2025-06-27 14:31:23 | cup | Confidence: 0.67
2025-06-27 14:31:23 | copybook | Confidence: 1.00
2025-06-27 14:31:23 | copybook | Confidence: 1.00
2025-06-27 14:31:23 | cup | Confidence: 1.00
2025-06-27 14:31:24 | copybook | Confidence: 1.00
2025-06-27 14:31:24 | copybook | Confidence: 0.67
2025-06-27 14:31:24 | cup | Confidence: 1.00
2025-06-27 14:31:24 | copybook | Confidence: 1.00
2025-06-27 14:31:24 | copybook | Confidence: 0.67
2025-06-27 14:31:24 | cup | Confidence: 1.00
2025-06-27 14:31:24 | copybook | Confidence: 1.00
2025-06-27 14:31:24 | cup | Confidence: 0.67
2025-06-27 14:31:24 | copybook | Confidence: 1.00
2025-06-27 14:31:24 | copybook | Confidence: 1.00
2025-06-27 14:31:24 | copybook | Confidence: 1.00
2025-06-27 14:31:25 | copybook | Confidence: 0.67
2025-06-27 14:31:25 | copybook | Confidence: 1.00
2025-06-27 14:31:25 | copybook | Confidence: 1.00
2025-06-27 14:31:25 | cup | Confidence: 1.00
2025-06-27 14:31:25 | copybook | Confidence: 1.00
2025-06-27 14:31:25 | copybook | Confidence: 0.67
2025-06-27 14:31:25 | copybook | Confidence: 1.00
2025-06-27 14:31:25 | copybook | Confidence: 1.00
2025-06-27 14:31:25 | copybook | Confidence: 0.67
2025-06-27 14:31:25 | cup | Confidence: 1.00
2025-06-27 14:31:25 | copybook | Confidence: 1.00
2025-06-27 14:31:25 | copybook | Confidence: 1.00
2025-06-27 14:31:26 | copybook | Confidence: 0.67
2025-06-27 14:31:26 | copybook | Confidence: 0.67
2025-06-27 14:31:26 | copybook | Confidence: 1.00
2025-06-27 14:31:26 | copybook | Confidence: 0.67
2025-06-27 14:31:26 | copybook | Confidence: 0.67
2025-06-27 14:31:26 | copybook | Confidence: 1.00
2025-06-27 14:31:26 | copybook | Confidence: 0.67
2025-06-27 14:31:26 | copybook | Confidence: 0.67
2025-06-27 14:31:26 | copybook | Confidence: 1.00
2025-06-27 14:31:26 | copybook | Confidence: 0.67
2025-06-27 14:31:26 | copybook | Confidence: 1.00
2025-06-27 14:31:26 | copybook | Confidence: 1.00
2025-06-27 14:31:27 | copybook | Confidence: 1.00
2025-06-27 14:31:27 | copybook | Confidence: 1.00
2025-06-27 14:31:27 | copybook | Confidence: 0.67
2025-06-27 14:31:27 | copybook | Confidence: 1.00
2025-06-27 14:31:27 | copybook | Confidence: 1.00
2025-06-27 14:31:27 | copybook | Confidence: 0.67
2025-06-27 14:31:27 | copybook | Confidence: 1.00
2025-06-27 14:31:27 | copybook | Confidence: 0.67
2025-06-27 14:31:27 | copybook | Confidence: 1.00
2025-06-27 14:31:27 | copybook | Confidence: 1.00
2025-06-27 14:31:27 | copybook | Confidence: 0.67
2025-06-27 14:31:27 | copybook | Confidence: 0.67
2025-06-27 14:31:28 | copybook | Confidence: 1.00
2025-06-27 14:31:28 | copybook | Confidence: 1.00
2025-06-27 14:31:28 | copybook | Confidence: 1.00
2025-06-27 14:31:28 | copybook | Confidence: 1.00
2025-06-27 14:31:28 | copybook | Confidence: 1.00
2025-06-27 14:31:28 | copybook | Confidence: 0.67
2025-06-27 14:31:28 | copybook | Confidence: 0.67
2025-06-27 14:31:28 | copybook | Confidence: 1.00
2025-06-27 14:31:28 | copybook | Confidence: 0.67
2025-06-27 14:31:28 | copybook | Confidence: 0.67
2025-06-27 14:31:28 | copybook | Confidence: 1.00
2025-06-27 14:31:28 | copybook | Confidence: 0.67
2025-06-27 14:31:29 | copybook | Confidence: 1.00
2025-06-27 14:31:29 | copybook | Confidence: 1.00
2025-06-27 14:31:29 | copybook | Confidence: 0.67
2025-06-27 14:31:29 | copybook | Confidence: 0.67
2025-06-27 14:31:29 | copybook | Confidence: 1.00
2025-06-27 14:31:29 | copybook | Confidence: 1.00
2025-06-27 14:31:29 | copybook | Confidence: 0.67
2025-06-27 14:31:29 | copybook | Confidence: 1.00
2025-06-27 14:31:29 | copybook | Confidence: 1.00
2025-06-27 14:31:29 | copybook | Confidence: 1.00
2025-06-27 14:31:29 | copybook | Confidence: 0.67
2025-06-27 14:31:29 | copybook | Confidence: 1.00
2025-06-27 14:31:30 | copybook | Confidence: 0.67
2025-06-27 14:31:30 | copybook | Confidence: 0.67
2025-06-27 14:31:30 | copybook | Confidence: 1.00
2025-06-27 14:31:30 | copybook | Confidence: 0.67
2025-06-27 14:31:30 | copybook | Confidence: 0.67
2025-06-27 14:31:30 | copybook | Confidence: 1.00
2025-06-27 14:31:30 | copybook | Confidence: 1.00
2025-06-27 14:31:30 | copybook | Confidence: 1.00
2025-06-27 14:31:30 | copybook | Confidence: 1.00
2025-06-27 14:31:30 | copybook | Confidence: 1.00
2025-06-27 14:31:30 | copybook | Confidence: 0.67
2025-06-27 14:31:30 | copybook | Confidence: 1.00
2025-06-27 14:31:31 | copybook | Confidence: 0.67
2025-06-27 14:31:31 | copybook | Confidence: 1.00
2025-06-27 14:31:31 | copybook | Confidence: 1.00
2025-06-27 14:31:31 | copybook | Confidence: 0.67
2025-06-27 14:31:31 | copybook | Confidence: 0.67
2025-06-27 14:31:31 | copybook | Confidence: 0.67
2025-06-27 14:31:31 | copybook | Confidence: 1.00
2025-06-27 14:31:31 | copybook | Confidence: 0.67
2025-06-27 14:31:31 | copybook | Confidence: 0.67
2025-06-27 14:31:31 | copybook | Confidence: 0.67
2025-06-27 14:31:32 | copybook | Confidence: 1.00
2025-06-27 14:31:32 | copybook | Confidence: 0.67
2025-06-27 14:31:32 | copybook | Confidence: 1.00
2025-06-27 14:31:32 | copybook | Confidence: 0.67
2025-06-27 14:31:32 | copybook | Confidence: 1.00
2025-06-27 14:31:32 | copybook | Confidence: 1.00
2025-06-27 14:31:32 | copybook | Confidence: 1.00
2025-06-27 14:31:32 | copybook | Confidence: 0.67
2025-06-27 14:31:32 | copybook | Confidence: 1.00
2025-06-27 14:31:33 | copybook | Confidence: 1.00
2025-06-27 14:31:33 | copybook | Confidence: 0.67
2025-06-27 14:31:33 | copybook | Confidence: 0.67
2025-06-27 14:31:33 | copybook | Confidence: 0.67
2025-06-27 14:31:33 | copybook | Confidence: 1.00
2025-06-27 14:31:33 | copybook | Confidence: 0.67
2025-06-27 14:31:33 | copybook | Confidence: 0.67
2025-06-27 14:31:33 | copybook | Confidence: 0.67
2025-06-27 14:31:33 | copybook | Confidence: 0.67
2025-06-27 14:31:33 | copybook | Confidence: 1.00
2025-06-27 14:31:34 | copybook | Confidence: 1.00
2025-06-27 14:31:34 | copybook | Confidence: 1.00
2025-06-27 14:31:34 | copybook | Confidence: 1.00
2025-06-27 14:31:34 | copybook | Confidence: 1.00
2025-06-27 14:31:34 | copybook | Confidence: 1.00
2025-06-27 14:31:34 | copybook | Confidence: 0.67
2025-06-27 14:31:34 | cup | Confidence: 0.67
2025-06-27 14:31:34 | phone | Confidence: 0.67
2025-06-27 14:31:34 | background | Confidence: 1.00
2025-06-27 14:31:34 | background | Confidence: 0.67
2025-06-27 14:31:35 | background | Confidence: 1.00
2025-06-27 14:31:35 | background | Confidence: 0.67
